Copyright 1986-2019 Xilinx, Inc. All Rights Reserved.
------------------------------------------------------------------------------------
| Tool Version : Vivado v.2019.1 (lin64) Build 2552052 Fri May 24 14:47:09 MDT 2019
| Date         : Wed Jan 28 13:57:53 2026
| Host         : VLSIdevbox running 64-bit Ubuntu 22.04.5 LTS
| Command      : report_control_sets -verbose -file I2C_control_sets_placed.rpt
| Design       : I2C
| Device       : xc7a35t
------------------------------------------------------------------------------------

Control Set Information

Table of Contents
-----------------
1. Summary
2. Histogram
3. Flip-Flop Distribution
4. Detailed Control Set Information

1. Summary
----------

+----------------------------------------------------------+-------+
|                          Status                          | Count |
+----------------------------------------------------------+-------+
| Total control sets                                       |     5 |
|    Minimum number of control sets                        |     5 |
|    Addition due to synthesis replication                 |     0 |
|    Addition due to physical synthesis replication        |     0 |
| Unused register locations in slices containing registers |    13 |
+----------------------------------------------------------+-------+
* Control sets can be merged at opt_design using control_set_merge or merge_equivalent_drivers
** Run report_qor_suggestions for automated merging and remapping suggestions


2. Histogram
------------

+--------------------+-------+
|       Fanout       | Count |
+--------------------+-------+
| Total control sets |     5 |
| >= 0 to < 4        |     0 |
| >= 4 to < 6        |     2 |
| >= 6 to < 8        |     0 |
| >= 8 to < 10       |     2 |
| >= 10 to < 12      |     1 |
| >= 12 to < 14      |     0 |
| >= 14 to < 16      |     0 |
| >= 16              |     0 |
+--------------------+-------+
* Control sets can be remapped at either synth_design or opt_design


3. Flip-Flop Distribution
-------------------------

+--------------+-----------------------+------------------------+-----------------+--------------+
| Clock Enable | Synchronous Set/Reset | Asynchronous Set/Reset | Total Registers | Total Slices |
+--------------+-----------------------+------------------------+-----------------+--------------+
| No           | No                    | No                     |               8 |            3 |
| No           | No                    | Yes                    |              15 |            7 |
| No           | Yes                   | No                     |               0 |            0 |
| Yes          | No                    | No                     |               0 |            0 |
| Yes          | No                    | Yes                    |              12 |            6 |
| Yes          | Yes                   | No                     |               0 |            0 |
+--------------+-----------------------+------------------------+-----------------+--------------+


4. Detailed Control Set Information
-----------------------------------

+------------------+---------------------------------+------------------+------------------+----------------+
|   Clock Signal   |          Enable Signal          | Set/Reset Signal | Slice Load Count | Bel Load Count |
+------------------+---------------------------------+------------------+------------------+----------------+
|  i2c_clk_reg_n_0 | FSM_sequential_state[3]_i_1_n_0 | rst_IBUF         |                2 |              4 |
|  i2c_clk_reg_n_0 |                                 | rst_IBUF         |                3 |              5 |
|  i2c_clk_reg_n_0 |                                 |                  |                3 |              8 |
|  i2c_clk_reg_n_0 | led[7]_i_1_n_0                  | rst_IBUF         |                4 |              8 |
|  clk_IBUF_BUFG   |                                 | rst_IBUF         |                4 |             10 |
+------------------+---------------------------------+------------------+------------------+----------------+


